2025-02-27 13:44:33 - c.b.e.SpringEmployeePayrollAppApplication - Starting SpringEmployeePayrollAppApplication using Java 23.0.1 with PID 18376 (C:\Users\rajha\OneDrive\Desktop\CG_Java\employeePayrollApp\target\classes started by rajha in C:\Users\rajha\OneDrive\Desktop\CG_Java\employeePayrollApp)
2025-02-27 13:44:33 - c.b.e.SpringEmployeePayrollAppApplication - No active profile set, falling back to 1 default profile: "default"
2025-02-27 13:44:36 - o.s.b.w.e.tomcat.TomcatWebServer - Tomcat initialized with port 8080 (http)
2025-02-27 13:44:36 - o.a.catalina.core.StandardService - Starting service [Tomcat]
2025-02-27 13:44:36 - o.a.catalina.core.StandardEngine - Starting Servlet engine: [Apache Tomcat/10.1.36]
2025-02-27 13:44:36 - o.a.c.c.C.[Tomcat].[localhost].[/] - Initializing Spring embedded WebApplicationContext
2025-02-27 13:44:36 - o.s.b.w.s.c.ServletWebServerApplicationContext - Root WebApplicationContext: initialization completed in 2489 ms
2025-02-27 13:44:37 - o.s.b.w.e.tomcat.TomcatWebServer - Tomcat started on port 8080 (http) with context path '/'
2025-02-27 13:44:37 - c.b.e.SpringEmployeePayrollAppApplication - Started SpringEmployeePayrollAppApplication in 4.668 seconds (process running for 5.544)
2025-02-27 13:44:37 - c.b.e.SpringEmployeePayrollAppApplication - Starting SpringEmployeePayrollAppApplication using Java 23.0.1 with PID 26432 (C:\Users\rajha\OneDrive\Desktop\CG_Java\employeePayrollApp\target\classes started by rajha in C:\Users\rajha\OneDrive\Desktop\CG_Java\employeePayrollApp)
2025-02-27 13:44:37 - c.b.e.SpringEmployeePayrollAppApplication - No active profile set, falling back to 1 default profile: "default"
2025-02-27 13:44:39 - o.s.b.w.e.tomcat.TomcatWebServer - Tomcat initialized with port 8080 (http)
2025-02-27 13:44:39 - o.a.catalina.core.StandardService - Starting service [Tomcat]
2025-02-27 13:44:39 - o.a.catalina.core.StandardEngine - Starting Servlet engine: [Apache Tomcat/10.1.36]
2025-02-27 13:44:39 - o.a.c.c.C.[Tomcat].[localhost].[/] - Initializing Spring embedded WebApplicationContext
2025-02-27 13:44:39 - o.s.b.w.s.c.ServletWebServerApplicationContext - Root WebApplicationContext: initialization completed in 2056 ms
2025-02-27 13:44:40 - o.s.b.w.s.c.AnnotationConfigServletWebServerApplicationContext - Exception encountered during context initialization - cancelling refresh attempt: org.springframework.context.ApplicationContextException: Failed to start bean 'webServerStartStop'
2025-02-27 13:44:40 - o.s.b.a.l.ConditionEvaluationReportLogger - 

Error starting ApplicationContext. To display the condition evaluation report re-run your application with 'debug' enabled.
2025-02-27 13:44:40 - o.s.b.d.LoggingFailureAnalysisReporter - 

***************************
APPLICATION FAILED TO START
***************************

Description:

Web server failed to start. Port 8080 was already in use.

Action:

Identify and stop the process that's listening on port 8080 or configure this application to listen on another port.

2025-02-27 13:48:10 - c.b.e.SpringEmployeePayrollAppApplication - Starting SpringEmployeePayrollAppApplication using Java 23.0.1 with PID 16516 (C:\Users\rajha\OneDrive\Desktop\CG_Java\employeePayrollApp\target\classes started by rajha in C:\Users\rajha\OneDrive\Desktop\CG_Java\employeePayrollApp)
2025-02-27 13:48:10 - c.b.e.SpringEmployeePayrollAppApplication - No active profile set, falling back to 1 default profile: "default"
2025-02-27 13:48:12 - o.s.b.w.e.tomcat.TomcatWebServer - Tomcat initialized with port 8080 (http)
2025-02-27 13:48:12 - o.a.catalina.core.StandardService - Starting service [Tomcat]
2025-02-27 13:48:12 - o.a.catalina.core.StandardEngine - Starting Servlet engine: [Apache Tomcat/10.1.36]
2025-02-27 13:48:12 - o.a.c.c.C.[Tomcat].[localhost].[/] - Initializing Spring embedded WebApplicationContext
2025-02-27 13:48:12 - o.s.b.w.s.c.ServletWebServerApplicationContext - Root WebApplicationContext: initialization completed in 2069 ms
2025-02-27 13:48:13 - o.s.b.w.e.tomcat.TomcatWebServer - Tomcat started on port 8080 (http) with context path '/'
2025-02-27 13:48:13 - c.b.e.SpringEmployeePayrollAppApplication - Started SpringEmployeePayrollAppApplication in 3.949 seconds (process running for 4.759)
2025-02-27 13:48:33 - o.s.b.w.e.tomcat.GracefulShutdown - Commencing graceful shutdown. Waiting for active requests to complete
2025-02-27 13:48:33 - o.s.b.w.e.tomcat.GracefulShutdown - Graceful shutdown complete
